#
# A fatal error has been detected by the Java Runtime Environment:
#
#  Internal Error (javaClasses.cpp:129), pid=2788, tid=5604
#  fatal error: Invalid layout of preloaded class
#
# JRE version: 7.0_17-b02
# Java VM: Java HotSpot(TM) Client VM (23.7-b01 mixed mode windows-x86 )
# Failed to write core dump. Minidumps are not enabled by default on client versions of Windows
#
# If you would like to submit a bug report, please visit:
#   http://bugreport.sun.com/bugreport/crash.jsp
#

---------------  T H R E A D  ---------------

Current thread (0x01aeb400):  JavaThread "Unknown thread" [_thread_in_vm, id=5604, stack(0x011d0000,0x01220000)]

Stack: [0x011d0000,0x01220000],  sp=0x0121fa4c,  free space=318k
Native frames: (J=compiled Java code, j=interpreted, Vv=VM code, C=native code)
V  [jvm.dll+0x16f261]
V  [jvm.dll+0x1693d6]
V  [jvm.dll+0x2079f]
V  [jvm.dll+0x20826]
V  [jvm.dll+0x2e5bd]
V  [jvm.dll+0x2e869]
V  [jvm.dll+0x77ba1]
V  [jvm.dll+0x77f5b]
V  [jvm.dll+0x1290e1]
V  [jvm.dll+0x149b3a]
V  [jvm.dll+0xa98df]
C  [javaw.exe+0x13ca]
C  [javaw.exe+0x1e3c]
C  [javaw.exe+0xa5a1]
C  [javaw.exe+0xa62b]
C  [kernel32.dll+0x51154]  BaseThreadInitThunk+0x12
C  [ntdll.dll+0x5b299]  RtlInitializeExceptionChain+0x63
C  [ntdll.dll+0x5b26c]  RtlInitializeExceptionChain+0x36


---------------  P R O C E S S  ---------------

Java Threads: ( => current thread )

Other Threads:

=>0x01aeb400 (exited) JavaThread "Unknown thread" [_thread_in_vm, id=5604, stack(0x011d0000,0x01220000)]

VM state:not at safepoint (not fully initialized)

VM Mutex/Monitor currently owned by a thread: None

GC Heap History (0 events):
No events

Deoptimization events (0 events):
No events

Internal exceptions (0 events):
No events

Events (10 events):
Event: 0.130 loading class 0x0194d688 done
Event: 0.131 loading class 0x0194c638 done
Event: 0.131 loading class 0x0194c610
Event: 0.131 loading class 0x019c0cf0
Event: 0.131 loading class 0x019c0cf0 done
Event: 0.131 loading class 0x019c0d28
Event: 0.131 loading class 0x019c0d28 done
Event: 0.131 loading class 0x019b44d8
Event: 0.132 loading class 0x019b44d8 done
Event: 0.132 loading class 0x0194c610 done


Dynamic libraries:
0x00240000 - 0x0026f000 	C:\Java\jre7\bin\javaw.exe
0x77d30000 - 0x77e6c000 	C:\Windows\SYSTEM32\ntdll.dll
0x77600000 - 0x776d4000 	C:\Windows\system32\kernel32.dll
0x76050000 - 0x7609b000 	C:\Windows\system32\KERNELBASE.dll
0x77970000 - 0x77a10000 	C:\Windows\system32\ADVAPI32.dll
0x76350000 - 0x763fc000 	C:\Windows\system32\msvcrt.dll
0x774e0000 - 0x774f9000 	C:\Windows\SYSTEM32\sechost.dll
0x77310000 - 0x773b1000 	C:\Windows\system32\RPCRT4.dll
0x76400000 - 0x764c9000 	C:\Windows\system32\USER32.dll
0x77780000 - 0x777ce000 	C:\Windows\system32\GDI32.dll
0x77770000 - 0x7777a000 	C:\Windows\system32\LPK.dll
0x77500000 - 0x7759d000 	C:\Windows\system32\USP10.dll
0x74a50000 - 0x74bee000 	C:\Windows\WinSxS\x86_microsoft.windows.common-controls_6595b64144ccf1df_6.0.7600.16661_none_420fe3fa2b8113bd\COMCTL32.dll
0x762e0000 - 0x76337000 	C:\Windows\system32\SHLWAPI.dll
0x775e0000 - 0x775ff000 	C:\Windows\system32\IMM32.DLL
0x778a0000 - 0x7796c000 	C:\Windows\system32\MSCTF.dll
0x617d0000 - 0x6188e000 	C:\Java\jre7\bin\msvcr100.dll
0x5dd70000 - 0x5e0bc000 	C:\Java\jre7\bin\client\jvm.dll
0x709c0000 - 0x709c7000 	C:\Windows\system32\WSOCK32.dll
0x775a0000 - 0x775d5000 	C:\Windows\system32\WS2_32.dll
0x76340000 - 0x76346000 	C:\Windows\system32\NSI.dll
0x74840000 - 0x74872000 	C:\Windows\system32\WINMM.dll
0x77890000 - 0x77895000 	C:\Windows\system32\PSAPI.DLL
0x74c10000 - 0x74c1c000 	C:\Java\jre7\bin\verify.dll
0x71df0000 - 0x71e10000 	C:\Java\jre7\bin\java.dll
0x71d70000 - 0x71d83000 	C:\Java\jre7\bin\zip.dll
0x6f170000 - 0x6f25b000 	C:\Windows\system32\dbghelp.dll

VM Arguments:
jvm_args: -Dfile.encoding=UTF-8 -Xbootclasspath:D:\android\adt-bundle-windows-x86-20130729\sdk\platforms\android-15\android.jar 
java_command: com.mobilitychina.people.exploration.CramerProActivity
Launcher Type: SUN_STANDARD

Environment Variables:
CLASSPATH=.;C:\Java\jdk1.7.0_17
PATH=C:/Java/jre7/bin/client;C:/Java/jre7/bin;C:/Java/jre7/lib/i386;C:\Program Files\AMD APP\bin\x86;C:\Windows\system32;C:\Windows;C:\Windows\System32\Wbem;C:\Windows\System32\WindowsPowerShell\v1.0\;C:\Program Files\ATI Technologies\ATI.ACE\Core-Static;C:\Java\jdk1.7.0_17\bin;C:\Java\jre7\bin;C:\Program Files\Microsoft SQL Server\80\Tools\Binn\;C:\Program Files\Microsoft SQL Server\90\DTS\Binn\;C:\Program Files\Microsoft SQL Server\90\Tools\binn\;C:\Program Files\Microsoft SQL Server\90\Tools\Binn\VSShell\Common7\IDE\;C:\Program Files\Microsoft Visual Studio 8\Common7\IDE\PrivateAssemblies\;D:\Program Files\MySQL\MySQL Server 5.0\bin;D:\TortoiseGit\bin;D:\android\android-sdk-windows\platform-tools;D:\android\adt-bundle-windows-x86-20130729\eclipse;
USERNAME=09
OS=Windows_NT
PROCESSOR_IDENTIFIER=x86 Family 16 Model 5 Stepping 3, AuthenticAMD



---------------  S Y S T E M  ---------------

OS: Windows 7 Build 7600 

CPU:total 3 (3 cores per cpu, 1 threads per core) family 16 model 5 stepping 3, cmov, cx8, fxsr, mmx, sse, sse2, sse3, popcnt, mmxext, 3dnowpref, lzcnt, sse4a, tsc, tscinvbit, tscinv

Memory: 4k page, physical 2094912k(104208k free), swap 4189824k(1171820k free)

vm_info: Java HotSpot(TM) Client VM (23.7-b01) for windows-x86 JRE (1.7.0_17-b02), built on Mar  1 2013 05:04:36 by "java_re" with unknown MS VC++:1600

time: Thu Aug 22 11:41:37 2013
elapsed time: 0 seconds

